<?xml version="1.1" encoding="UTF-8"?>
<databaseChangeLog logicalFilePath="liquibase-update-to-latest.xml" xmlns="http://www.liquibase.org/xml/ns/dbchangelog" xmlns:xsi="http://www.w3.org/2001/XMLSchema-instance" xmlns:ext="http://www.liquibase.org/xml/ns/dbchangelog-ext" xsi:schemaLocation="http://www.liquibase.org/xml/ns/dbchangelog http://www.liquibase.org/xml/ns/dbchangelog/dbchangelog-2.0.xsd
    http://www.liquibase.org/xml/ns/dbchangelog-ext http://www.liquibase.org/xml/ns/dbchangelog/dbchangelog-ext.xsd">

	<changeSet id="2021-03-23_08_25_54" author="Test">
		<preConditions onFail="MARK_RAN">
			<columnExists tableName="reporting_report_design_resource" columnName="contents" />
		</preConditions>
		<comment>Modify column datatype to longblob</comment>
		<modifyDataType tableName="reporting_report_design_resource" columnName="contents" newDataType="longblob" />
	</changeSet>
	<changeSet id="2021-03-23_08_25_55" author="Test">
		<preConditions onFail="MARK_RAN">
			<columnExists tableName="reporting_report_design" columnName="properties" />
		</preConditions>
		<comment>Modify column datatype to text</comment>
		<modifyDataType tableName="reporting_report_design" columnName="properties" newDataType="text" />
	</changeSet>
	<changeSet id="2022-01-16_08_25_55" author="Test">
		<preConditions onFail="MARK_RAN">
			<columnExists tableName="form" columnName="build" />
		</preConditions>
		<comment>Add column</comment>
		<modifyDataType tableName="form" columnName="build" newDataType="INT" />
	</changeSet>
	<changeSet id="2022-01-18_07_25_55" author="Test">
		<comment>Add column</comment>
		<addColumn tableName="form">
			<column name="template" type="TEXT" />
		</addColumn>
	</changeSet>
	<changeSet id="2022-01-18_09_25_55" author="Test">
		<comment>Add column</comment>
		<addColumn tableName="form">
			<column name="xslt" type="TEXT" />
		</addColumn>
	</changeSet>
</databaseChangeLog>